0 info it worked if it ends with ok
1 verbose cli [ '/Users/hagio/.nvm/versions/node/v6.6.0/bin/node',
1 verbose cli   '/Users/hagio/.nvm/versions/node/v6.6.0/bin/npm',
1 verbose cli   'run',
1 verbose cli   'start' ]
2 info using npm@3.10.8
3 info using node@v6.6.0
4 verbose run-script [ 'prestart', 'start', 'poststart' ]
5 info lifecycle restaurant-reviewer@1.0.0~prestart: restaurant-reviewer@1.0.0
6 silly lifecycle restaurant-reviewer@1.0.0~prestart: no script for prestart, continuing
7 info lifecycle restaurant-reviewer@1.0.0~start: restaurant-reviewer@1.0.0
8 verbose lifecycle restaurant-reviewer@1.0.0~start: unsafe-perm in lifecycle true
9 verbose lifecycle restaurant-reviewer@1.0.0~start: PATH: /Users/hagio/.nvm/versions/node/v6.6.0/lib/node_modules/npm/bin/node-gyp-bin:/Users/hagio/dev/udacity/sr_web/restaurant-reviewer/node_modules/.bin:/Users/hagio/.nvm/versions/node/v6.6.0/bin:/Users/hagio/anaconda/bin:/Users/hagio/anaconda/bin:/usr/bin:/bin:/usr/sbin:/sbin:/usr/local/bin:/Users/hagio/dev/golang/bin:/Library/Frameworks/Python.framework/Versions/2.7/bin:/Users/hagio/.rbenv/shims:/Users/hagio/.rbenv/bin:/usr/local/rvm/gems/ruby-2.0.0-p247/bin:/usr/local/rvm/gems/ruby-2.0.0-p247@global/bin:/usr/local/rvm/rubies/ruby-2.0.0-p247/bin:/usr/local/rvm/bin:/usr/local/bin:/usr/bin:/bin:/usr/sbin:/sbin:/usr/local/deployd/bin:/usr/local/go/bin:/opt/ImageMagick/bin:/opt/sm/bin:/opt/sm/pkg/active/bin:/opt/sm/pkg/active/sbin
10 verbose lifecycle restaurant-reviewer@1.0.0~start: CWD: /Users/hagio/dev/udacity/sr_web/restaurant-reviewer
11 silly lifecycle restaurant-reviewer@1.0.0~start: Args: [ '-c', 'webpack-dev-server' ]
12 silly lifecycle restaurant-reviewer@1.0.0~start: Returned: code: 1  signal: null
13 info lifecycle restaurant-reviewer@1.0.0~start: Failed to exec start script
14 verbose stack Error: restaurant-reviewer@1.0.0 start: `webpack-dev-server`
14 verbose stack Exit status 1
14 verbose stack     at EventEmitter.<anonymous> (/Users/hagio/.nvm/versions/node/v6.6.0/lib/node_modules/npm/lib/utils/lifecycle.js:255:16)
14 verbose stack     at emitTwo (events.js:106:13)
14 verbose stack     at EventEmitter.emit (events.js:191:7)
14 verbose stack     at ChildProcess.<anonymous> (/Users/hagio/.nvm/versions/node/v6.6.0/lib/node_modules/npm/lib/utils/spawn.js:40:14)
14 verbose stack     at emitTwo (events.js:106:13)
14 verbose stack     at ChildProcess.emit (events.js:191:7)
14 verbose stack     at maybeClose (internal/child_process.js:877:16)
14 verbose stack     at Process.ChildProcess._handle.onexit (internal/child_process.js:226:5)
15 verbose pkgid restaurant-reviewer@1.0.0
16 verbose cwd /Users/hagio/dev/udacity/sr_web/restaurant-reviewer
17 error Darwin 15.6.0
18 error argv "/Users/hagio/.nvm/versions/node/v6.6.0/bin/node" "/Users/hagio/.nvm/versions/node/v6.6.0/bin/npm" "run" "start"
19 error node v6.6.0
20 error npm  v3.10.8
21 error code ELIFECYCLE
22 error restaurant-reviewer@1.0.0 start: `webpack-dev-server`
22 error Exit status 1
23 error Failed at the restaurant-reviewer@1.0.0 start script 'webpack-dev-server'.
23 error Make sure you have the latest version of node.js and npm installed.
23 error If you do, this is most likely a problem with the restaurant-reviewer package,
23 error not with npm itself.
23 error Tell the author that this fails on your system:
23 error     webpack-dev-server
23 error You can get information on how to open an issue for this project with:
23 error     npm bugs restaurant-reviewer
23 error Or if that isn't available, you can get their info via:
23 error     npm owner ls restaurant-reviewer
23 error There is likely additional logging output above.
24 verbose exit [ 1, true ]
